[14-Jun-2016 09:15:54] Warning at \framework\model\connect\MySQLiConnector.php line 77: mysqli::mysqli(): (HY000/2002): A connection attempt failed because the connected party did not properly respond after a period of time, or established connection failed because connected host has failed to respond.
 (http://localhost/MidlandElectricalLtd/Development/Security/ping)
[14-Jun-2016 09:15:54] Error at \framework\model\connect\DBConnector.php line 55: Uncaught SS_DatabaseException: Couldn't connect to MySQL database | A connection attempt failed because the connected party did not properly respond after a period of time, or established connection failed because connected host has failed to respond.
 (http://localhost/MidlandElectricalLtd/Development/Security/ping)
[14-Jun-2016 09:15:54] Warning at \framework\model\connect\MySQLiConnector.php line 100: mysqli_close(): Couldn't fetch mysqli (http://localhost/MidlandElectricalLtd/Development/Security/ping)
[14-Jun-2016 09:16:17] Warning at \framework\model\connect\MySQLiConnector.php line 77: mysqli::mysqli(): (HY000/2002): A connection attempt failed because the connected party did not properly respond after a period of time, or established connection failed because connected host has failed to respond.
 (http://localhost/MidlandElectricalLtd/Development/index.php/about-us/)
[14-Jun-2016 09:16:17] Error at \framework\model\connect\DBConnector.php line 55: Uncaught SS_DatabaseException: Couldn't connect to MySQL database | A connection attempt failed because the connected party did not properly respond after a period of time, or established connection failed because connected host has failed to respond.
 (http://localhost/MidlandElectricalLtd/Development/index.php/about-us/)
[14-Jun-2016 09:16:17] Warning at \framework\model\connect\MySQLiConnector.php line 100: mysqli_close(): Couldn't fetch mysqli (http://localhost/MidlandElectricalLtd/Development/index.php/about-us/)
[14-Jun-2016 09:16:40] Warning at \framework\model\connect\MySQLiConnector.php line 77: mysqli::mysqli(): (HY000/2002): A connection attempt failed because the connected party did not properly respond after a period of time, or established connection failed because connected host has failed to respond.
 (http://localhost/MidlandElectricalLtd/Development/index.php/about-us/)
[14-Jun-2016 09:16:40] Error at \framework\model\connect\DBConnector.php line 55: Uncaught SS_DatabaseException: Couldn't connect to MySQL database | A connection attempt failed because the connected party did not properly respond after a period of time, or established connection failed because connected host has failed to respond.
 (http://localhost/MidlandElectricalLtd/Development/index.php/about-us/)
[14-Jun-2016 09:16:40] Warning at \framework\model\connect\MySQLiConnector.php line 100: mysqli_close(): Couldn't fetch mysqli (http://localhost/MidlandElectricalLtd/Development/index.php/about-us/)
[14-Jun-2016 09:17:02] Warning at \framework\model\connect\MySQLiConnector.php line 77: mysqli::mysqli(): (HY000/2002): A connection attempt failed because the connected party did not properly respond after a period of time, or established connection failed because connected host has failed to respond.
 (http://localhost/MidlandElectricalLtd/Development/index.php/about-us/)
[14-Jun-2016 09:17:02] Error at \framework\model\connect\DBConnector.php line 55: Uncaught SS_DatabaseException: Couldn't connect to MySQL database | A connection attempt failed because the connected party did not properly respond after a period of time, or established connection failed because connected host has failed to respond.
 (http://localhost/MidlandElectricalLtd/Development/index.php/about-us/)
[14-Jun-2016 09:17:03] Warning at \framework\model\connect\MySQLiConnector.php line 100: mysqli_close(): Couldn't fetch mysqli (http://localhost/MidlandElectricalLtd/Development/index.php/about-us/)
[14-Jun-2016 09:17:25] Warning at \framework\model\connect\MySQLiConnector.php line 77: mysqli::mysqli(): (HY000/2002): A connection attempt failed because the connected party did not properly respond after a period of time, or established connection failed because connected host has failed to respond.
 (http://localhost/MidlandElectricalLtd/Development/index.php/about-us/)
[14-Jun-2016 09:17:25] Error at \framework\model\connect\DBConnector.php line 55: Uncaught SS_DatabaseException: Couldn't connect to MySQL database | A connection attempt failed because the connected party did not properly respond after a period of time, or established connection failed because connected host has failed to respond.
 (http://localhost/MidlandElectricalLtd/Development/index.php/about-us/)
[14-Jun-2016 09:17:25] Warning at \framework\model\connect\MySQLiConnector.php line 100: mysqli_close(): Couldn't fetch mysqli (http://localhost/MidlandElectricalLtd/Development/index.php/about-us/)
[14-Jun-2016 09:17:48] Warning at \framework\model\connect\MySQLiConnector.php line 77: mysqli::mysqli(): (HY000/2002): A connection attempt failed because the connected party did not properly respond after a period of time, or established connection failed because connected host has failed to respond.
 (http://localhost/MidlandElectricalLtd/Development/index.php/about-us/)
[14-Jun-2016 09:17:48] Error at \framework\model\connect\DBConnector.php line 55: Uncaught SS_DatabaseException: Couldn't connect to MySQL database | A connection attempt failed because the connected party did not properly respond after a period of time, or established connection failed because connected host has failed to respond.
 (http://localhost/MidlandElectricalLtd/Development/index.php/about-us/)
[14-Jun-2016 09:17:48] Warning at \framework\model\connect\MySQLiConnector.php line 100: mysqli_close(): Couldn't fetch mysqli (http://localhost/MidlandElectricalLtd/Development/index.php/about-us/)
[14-Jun-2016 09:18:11] Warning at \framework\model\connect\MySQLiConnector.php line 77: mysqli::mysqli(): (HY000/2002): A connection attempt failed because the connected party did not properly respond after a period of time, or established connection failed because connected host has failed to respond.
 (http://localhost/MidlandElectricalLtd/Development/index.php/about-us/)
[14-Jun-2016 09:18:11] Error at \framework\model\connect\DBConnector.php line 55: Uncaught SS_DatabaseException: Couldn't connect to MySQL database | A connection attempt failed because the connected party did not properly respond after a period of time, or established connection failed because connected host has failed to respond.
 (http://localhost/MidlandElectricalLtd/Development/index.php/about-us/)
[14-Jun-2016 09:18:11] Warning at \framework\model\connect\MySQLiConnector.php line 100: mysqli_close(): Couldn't fetch mysqli (http://localhost/MidlandElectricalLtd/Development/index.php/about-us/)
[14-Jun-2016 09:18:34] Warning at \framework\model\connect\MySQLiConnector.php line 77: mysqli::mysqli(): (HY000/2002): A connection attempt failed because the connected party did not properly respond after a period of time, or established connection failed because connected host has failed to respond.
 (http://localhost/MidlandElectricalLtd/Development/index.php/about-us/)
[14-Jun-2016 09:18:34] Error at \framework\model\connect\DBConnector.php line 55: Uncaught SS_DatabaseException: Couldn't connect to MySQL database | A connection attempt failed because the connected party did not properly respond after a period of time, or established connection failed because connected host has failed to respond.
 (http://localhost/MidlandElectricalLtd/Development/index.php/about-us/)
[14-Jun-2016 09:18:34] Warning at \framework\model\connect\MySQLiConnector.php line 100: mysqli_close(): Couldn't fetch mysqli (http://localhost/MidlandElectricalLtd/Development/index.php/about-us/)
[14-Jun-2016 09:18:56] Warning at \framework\model\connect\MySQLiConnector.php line 77: mysqli::mysqli(): (HY000/2002): A connection attempt failed because the connected party did not properly respond after a period of time, or established connection failed because connected host has failed to respond.
 (http://localhost/MidlandElectricalLtd/Development/index.php/about-us/)
[14-Jun-2016 09:18:56] Error at \framework\model\connect\DBConnector.php line 55: Uncaught SS_DatabaseException: Couldn't connect to MySQL database | A connection attempt failed because the connected party did not properly respond after a period of time, or established connection failed because connected host has failed to respond.
 (http://localhost/MidlandElectricalLtd/Development/index.php/about-us/)
[14-Jun-2016 09:18:56] Warning at \framework\model\connect\MySQLiConnector.php line 100: mysqli_close(): Couldn't fetch mysqli (http://localhost/MidlandElectricalLtd/Development/index.php/about-us/)
[14-Jun-2016 09:19:19] Warning at \framework\model\connect\MySQLiConnector.php line 77: mysqli::mysqli(): (HY000/2002): A connection attempt failed because the connected party did not properly respond after a period of time, or established connection failed because connected host has failed to respond.
 (http://localhost/MidlandElectricalLtd/Development/index.php/about-us/)
[14-Jun-2016 09:19:19] Error at \framework\model\connect\DBConnector.php line 55: Uncaught SS_DatabaseException: Couldn't connect to MySQL database | A connection attempt failed because the connected party did not properly respond after a period of time, or established connection failed because connected host has failed to respond.
 (http://localhost/MidlandElectricalLtd/Development/index.php/about-us/)
[14-Jun-2016 09:19:19] Warning at \framework\model\connect\MySQLiConnector.php line 100: mysqli_close(): Couldn't fetch mysqli (http://localhost/MidlandElectricalLtd/Development/index.php/about-us/)
[14-Jun-2016 09:19:42] Warning at \framework\model\connect\MySQLiConnector.php line 77: mysqli::mysqli(): (HY000/2002): A connection attempt failed because the connected party did not properly respond after a period of time, or established connection failed because connected host has failed to respond.
 (http://localhost/MidlandElectricalLtd/Development/index.php/about-us/)
[14-Jun-2016 09:19:42] Error at \framework\model\connect\DBConnector.php line 55: Uncaught SS_DatabaseException: Couldn't connect to MySQL database | A connection attempt failed because the connected party did not properly respond after a period of time, or established connection failed because connected host has failed to respond.
 (http://localhost/MidlandElectricalLtd/Development/index.php/about-us/)
[14-Jun-2016 09:19:42] Warning at \framework\model\connect\MySQLiConnector.php line 100: mysqli_close(): Couldn't fetch mysqli (http://localhost/MidlandElectricalLtd/Development/index.php/about-us/)
[14-Jun-2016 09:20:05] Warning at \framework\model\connect\MySQLiConnector.php line 77: mysqli::mysqli(): (HY000/2002): A connection attempt failed because the connected party did not properly respond after a period of time, or established connection failed because connected host has failed to respond.
 (http://localhost/MidlandElectricalLtd/Development/index.php/about-us/)
[14-Jun-2016 09:20:05] Error at \framework\model\connect\DBConnector.php line 55: Uncaught SS_DatabaseException: Couldn't connect to MySQL database | A connection attempt failed because the connected party did not properly respond after a period of time, or established connection failed because connected host has failed to respond.
 (http://localhost/MidlandElectricalLtd/Development/index.php/about-us/)
[14-Jun-2016 09:20:05] Warning at \framework\model\connect\MySQLiConnector.php line 100: mysqli_close(): Couldn't fetch mysqli (http://localhost/MidlandElectricalLtd/Development/index.php/about-us/)
[14-Jun-2016 09:20:27] Warning at \framework\model\connect\MySQLiConnector.php line 77: mysqli::mysqli(): (HY000/2002): A connection attempt failed because the connected party did not properly respond after a period of time, or established connection failed because connected host has failed to respond.
 (http://localhost/MidlandElectricalLtd/Development/index.php/about-us/)
[14-Jun-2016 09:20:27] Error at \framework\model\connect\DBConnector.php line 55: Uncaught SS_DatabaseException: Couldn't connect to MySQL database | A connection attempt failed because the connected party did not properly respond after a period of time, or established connection failed because connected host has failed to respond.
 (http://localhost/MidlandElectricalLtd/Development/index.php/about-us/)
[14-Jun-2016 09:20:27] Warning at \framework\model\connect\MySQLiConnector.php line 100: mysqli_close(): Couldn't fetch mysqli (http://localhost/MidlandElectricalLtd/Development/index.php/about-us/)
[14-Jun-2016 09:20:50] Warning at \framework\model\connect\MySQLiConnector.php line 77: mysqli::mysqli(): (HY000/2002): A connection attempt failed because the connected party did not properly respond after a period of time, or established connection failed because connected host has failed to respond.
 (http://localhost/MidlandElectricalLtd/Development/index.php/about-us/)
[14-Jun-2016 09:20:50] Error at \framework\model\connect\DBConnector.php line 55: Uncaught SS_DatabaseException: Couldn't connect to MySQL database | A connection attempt failed because the connected party did not properly respond after a period of time, or established connection failed because connected host has failed to respond.
 (http://localhost/MidlandElectricalLtd/Development/index.php/about-us/)
[14-Jun-2016 09:20:50] Warning at \framework\model\connect\MySQLiConnector.php line 100: mysqli_close(): Couldn't fetch mysqli (http://localhost/MidlandElectricalLtd/Development/index.php/about-us/)
[14-Jun-2016 09:20:59] Warning at \framework\model\connect\MySQLiConnector.php line 77: mysqli::mysqli(): (HY000/2002): A connection attempt failed because the connected party did not properly respond after a period of time, or established connection failed because connected host has failed to respond.
 (http://localhost/MidlandElectricalLtd/Development/Security/ping)
[14-Jun-2016 09:20:59] Error at \framework\model\connect\DBConnector.php line 55: Uncaught SS_DatabaseException: Couldn't connect to MySQL database | A connection attempt failed because the connected party did not properly respond after a period of time, or established connection failed because connected host has failed to respond.
 (http://localhost/MidlandElectricalLtd/Development/Security/ping)
[14-Jun-2016 09:20:59] Warning at \framework\model\connect\MySQLiConnector.php line 100: mysqli_close(): Couldn't fetch mysqli (http://localhost/MidlandElectricalLtd/Development/Security/ping)
[14-Jun-2016 09:21:13] Warning at \framework\model\connect\MySQLiConnector.php line 77: mysqli::mysqli(): (HY000/2002): A connection attempt failed because the connected party did not properly respond after a period of time, or established connection failed because connected host has failed to respond.
 (http://localhost/MidlandElectricalLtd/Development/index.php/about-us/)
[14-Jun-2016 09:21:13] Error at \framework\model\connect\DBConnector.php line 55: Uncaught SS_DatabaseException: Couldn't connect to MySQL database | A connection attempt failed because the connected party did not properly respond after a period of time, or established connection failed because connected host has failed to respond.
 (http://localhost/MidlandElectricalLtd/Development/index.php/about-us/)
[14-Jun-2016 09:21:13] Warning at \framework\model\connect\MySQLiConnector.php line 100: mysqli_close(): Couldn't fetch mysqli (http://localhost/MidlandElectricalLtd/Development/index.php/about-us/)
[14-Jun-2016 09:21:22] Warning at \framework\model\connect\MySQLiConnector.php line 77: mysqli::mysqli(): (HY000/2002): A connection attempt failed because the connected party did not properly respond after a period of time, or established connection failed because connected host has failed to respond.
 (http://localhost/MidlandElectricalLtd/Development/index.php/about-us/)
[14-Jun-2016 09:21:22] Error at \framework\model\connect\DBConnector.php line 55: Uncaught SS_DatabaseException: Couldn't connect to MySQL database | A connection attempt failed because the connected party did not properly respond after a period of time, or established connection failed because connected host has failed to respond.
 (http://localhost/MidlandElectricalLtd/Development/index.php/about-us/)
[14-Jun-2016 09:21:22] Warning at \framework\model\connect\MySQLiConnector.php line 100: mysqli_close(): Couldn't fetch mysqli (http://localhost/MidlandElectricalLtd/Development/index.php/about-us/)
[14-Jun-2016 09:21:36] Warning at \framework\model\connect\MySQLiConnector.php line 77: mysqli::mysqli(): (HY000/2002): A connection attempt failed because the connected party did not properly respond after a period of time, or established connection failed because connected host has failed to respond.
 (http://localhost/MidlandElectricalLtd/Development/index.php/about-us/)
[14-Jun-2016 09:21:36] Error at \framework\model\connect\DBConnector.php line 55: Uncaught SS_DatabaseException: Couldn't connect to MySQL database | A connection attempt failed because the connected party did not properly respond after a period of time, or established connection failed because connected host has failed to respond.
 (http://localhost/MidlandElectricalLtd/Development/index.php/about-us/)
[14-Jun-2016 09:21:36] Warning at \framework\model\connect\MySQLiConnector.php line 100: mysqli_close(): Couldn't fetch mysqli (http://localhost/MidlandElectricalLtd/Development/index.php/about-us/)
[14-Jun-2016 09:21:45] Warning at \framework\model\connect\MySQLiConnector.php line 77: mysqli::mysqli(): (HY000/2002): A connection attempt failed because the connected party did not properly respond after a period of time, or established connection failed because connected host has failed to respond.
 (http://localhost/MidlandElectricalLtd/Development/index.php/about-us/)
[14-Jun-2016 09:21:45] Error at \framework\model\connect\DBConnector.php line 55: Uncaught SS_DatabaseException: Couldn't connect to MySQL database | A connection attempt failed because the connected party did not properly respond after a period of time, or established connection failed because connected host has failed to respond.
 (http://localhost/MidlandElectricalLtd/Development/index.php/about-us/)
[14-Jun-2016 09:21:45] Warning at \framework\model\connect\MySQLiConnector.php line 100: mysqli_close(): Couldn't fetch mysqli (http://localhost/MidlandElectricalLtd/Development/index.php/about-us/)
[14-Jun-2016 09:21:59] Warning at \framework\model\connect\MySQLiConnector.php line 77: mysqli::mysqli(): (HY000/2002): A connection attempt failed because the connected party did not properly respond after a period of time, or established connection failed because connected host has failed to respond.
 (http://localhost/MidlandElectricalLtd/Development/index.php/about-us/)
[14-Jun-2016 09:21:59] Error at \framework\model\connect\DBConnector.php line 55: Uncaught SS_DatabaseException: Couldn't connect to MySQL database | A connection attempt failed because the connected party did not properly respond after a period of time, or established connection failed because connected host has failed to respond.
 (http://localhost/MidlandElectricalLtd/Development/index.php/about-us/)
[14-Jun-2016 09:21:59] Warning at \framework\model\connect\MySQLiConnector.php line 100: mysqli_close(): Couldn't fetch mysqli (http://localhost/MidlandElectricalLtd/Development/index.php/about-us/)
[14-Jun-2016 09:22:07] Warning at \framework\model\connect\MySQLiConnector.php line 77: mysqli::mysqli(): (HY000/2002): A connection attempt failed because the connected party did not properly respond after a period of time, or established connection failed because connected host has failed to respond.
 (http://localhost/MidlandElectricalLtd/Development/index.php/about-us/)
[14-Jun-2016 09:22:07] Error at \framework\model\connect\DBConnector.php line 55: Uncaught SS_DatabaseException: Couldn't connect to MySQL database | A connection attempt failed because the connected party did not properly respond after a period of time, or established connection failed because connected host has failed to respond.
 (http://localhost/MidlandElectricalLtd/Development/index.php/about-us/)
[14-Jun-2016 09:22:07] Warning at \framework\model\connect\MySQLiConnector.php line 100: mysqli_close(): Couldn't fetch mysqli (http://localhost/MidlandElectricalLtd/Development/index.php/about-us/)
[14-Jun-2016 09:22:21] Warning at \framework\model\connect\MySQLiConnector.php line 77: mysqli::mysqli(): (HY000/2002): A connection attempt failed because the connected party did not properly respond after a period of time, or established connection failed because connected host has failed to respond.
 (http://localhost/MidlandElectricalLtd/Development/index.php/about-us/)
[14-Jun-2016 09:22:21] Error at \framework\model\connect\DBConnector.php line 55: Uncaught SS_DatabaseException: Couldn't connect to MySQL database | A connection attempt failed because the connected party did not properly respond after a period of time, or established connection failed because connected host has failed to respond.
 (http://localhost/MidlandElectricalLtd/Development/index.php/about-us/)
[14-Jun-2016 09:22:21] Warning at \framework\model\connect\MySQLiConnector.php line 100: mysqli_close(): Couldn't fetch mysqli (http://localhost/MidlandElectricalLtd/Development/index.php/about-us/)
[14-Jun-2016 09:22:30] Warning at \framework\model\connect\MySQLiConnector.php line 77: mysqli::mysqli(): (HY000/2002): A connection attempt failed because the connected party did not properly respond after a period of time, or established connection failed because connected host has failed to respond.
 (http://localhost/MidlandElectricalLtd/Development/index.php/about-us/)
[14-Jun-2016 09:22:30] Error at \framework\model\connect\DBConnector.php line 55: Uncaught SS_DatabaseException: Couldn't connect to MySQL database | A connection attempt failed because the connected party did not properly respond after a period of time, or established connection failed because connected host has failed to respond.
 (http://localhost/MidlandElectricalLtd/Development/index.php/about-us/)
[14-Jun-2016 09:22:30] Warning at \framework\model\connect\MySQLiConnector.php line 100: mysqli_close(): Couldn't fetch mysqli (http://localhost/MidlandElectricalLtd/Development/index.php/about-us/)
[14-Jun-2016 09:22:44] Warning at \framework\model\connect\MySQLiConnector.php line 77: mysqli::mysqli(): (HY000/2002): A connection attempt failed because the connected party did not properly respond after a period of time, or established connection failed because connected host has failed to respond.
 (http://localhost/MidlandElectricalLtd/Development/index.php/about-us/)
[14-Jun-2016 09:22:44] Error at \framework\model\connect\DBConnector.php line 55: Uncaught SS_DatabaseException: Couldn't connect to MySQL database | A connection attempt failed because the connected party did not properly respond after a period of time, or established connection failed because connected host has failed to respond.
 (http://localhost/MidlandElectricalLtd/Development/index.php/about-us/)
[14-Jun-2016 09:22:44] Warning at \framework\model\connect\MySQLiConnector.php line 100: mysqli_close(): Couldn't fetch mysqli (http://localhost/MidlandElectricalLtd/Development/index.php/about-us/)
[14-Jun-2016 09:22:53] Warning at \framework\model\connect\MySQLiConnector.php line 77: mysqli::mysqli(): (HY000/2002): A connection attempt failed because the connected party did not properly respond after a period of time, or established connection failed because connected host has failed to respond.
 (http://localhost/MidlandElectricalLtd/Development/index.php/about-us/)
[14-Jun-2016 09:22:53] Error at \framework\model\connect\DBConnector.php line 55: Uncaught SS_DatabaseException: Couldn't connect to MySQL database | A connection attempt failed because the connected party did not properly respond after a period of time, or established connection failed because connected host has failed to respond.
 (http://localhost/MidlandElectricalLtd/Development/index.php/about-us/)
[14-Jun-2016 09:22:53] Warning at \framework\model\connect\MySQLiConnector.php line 100: mysqli_close(): Couldn't fetch mysqli (http://localhost/MidlandElectricalLtd/Development/index.php/about-us/)
[14-Jun-2016 09:23:05] Warning at \framework\model\connect\MySQLiConnector.php line 77: mysqli::mysqli(): (HY000/2002): A connection attempt failed because the connected party did not properly respond after a period of time, or established connection failed because connected host has failed to respond.
 (http://localhost/MidlandElectricalLtd/Development/)
[14-Jun-2016 09:23:05] Error at \framework\model\connect\DBConnector.php line 55: Uncaught SS_DatabaseException: Couldn't connect to MySQL database | A connection attempt failed because the connected party did not properly respond after a period of time, or established connection failed because connected host has failed to respond.
 (http://localhost/MidlandElectricalLtd/Development/)
[14-Jun-2016 09:23:05] Warning at \framework\model\connect\MySQLiConnector.php line 100: mysqli_close(): Couldn't fetch mysqli (http://localhost/MidlandElectricalLtd/Development/)
[14-Jun-2016 09:23:07] Warning at \framework\model\connect\MySQLiConnector.php line 77: mysqli::mysqli(): (HY000/2002): A connection attempt failed because the connected party did not properly respond after a period of time, or established connection failed because connected host has failed to respond.
 (http://localhost/MidlandElectricalLtd/Development/index.php/about-us/)
[14-Jun-2016 09:23:07] Error at \framework\model\connect\DBConnector.php line 55: Uncaught SS_DatabaseException: Couldn't connect to MySQL database | A connection attempt failed because the connected party did not properly respond after a period of time, or established connection failed because connected host has failed to respond.
 (http://localhost/MidlandElectricalLtd/Development/index.php/about-us/)
[14-Jun-2016 09:23:07] Warning at \framework\model\connect\MySQLiConnector.php line 100: mysqli_close(): Couldn't fetch mysqli (http://localhost/MidlandElectricalLtd/Development/index.php/about-us/)
[14-Jun-2016 09:23:16] Warning at \framework\model\connect\MySQLiConnector.php line 77: mysqli::mysqli(): (HY000/2002): A connection attempt failed because the connected party did not properly respond after a period of time, or established connection failed because connected host has failed to respond.
 (http://localhost/MidlandElectricalLtd/Development/index.php/about-us/)
[14-Jun-2016 09:23:16] Error at \framework\model\connect\DBConnector.php line 55: Uncaught SS_DatabaseException: Couldn't connect to MySQL database | A connection attempt failed because the connected party did not properly respond after a period of time, or established connection failed because connected host has failed to respond.
 (http://localhost/MidlandElectricalLtd/Development/index.php/about-us/)
[14-Jun-2016 09:23:16] Warning at \framework\model\connect\MySQLiConnector.php line 100: mysqli_close(): Couldn't fetch mysqli (http://localhost/MidlandElectricalLtd/Development/index.php/about-us/)
[14-Jun-2016 09:23:28] Warning at \framework\model\connect\MySQLiConnector.php line 77: mysqli::mysqli(): (HY000/2002): A connection attempt failed because the connected party did not properly respond after a period of time, or established connection failed because connected host has failed to respond.
 (http://localhost/MidlandElectricalLtd/Development/index.php/about-us/)
[14-Jun-2016 09:23:28] Error at \framework\model\connect\DBConnector.php line 55: Uncaught SS_DatabaseException: Couldn't connect to MySQL database | A connection attempt failed because the connected party did not properly respond after a period of time, or established connection failed because connected host has failed to respond.
 (http://localhost/MidlandElectricalLtd/Development/index.php/about-us/)
[14-Jun-2016 09:23:28] Warning at \framework\model\connect\MySQLiConnector.php line 100: mysqli_close(): Couldn't fetch mysqli (http://localhost/MidlandElectricalLtd/Development/index.php/about-us/)
[14-Jun-2016 09:23:30] Warning at \framework\model\connect\MySQLiConnector.php line 77: mysqli::mysqli(): (HY000/2002): A connection attempt failed because the connected party did not properly respond after a period of time, or established connection failed because connected host has failed to respond.
 (http://localhost/MidlandElectricalLtd/Development/index.php/about-us/)
[14-Jun-2016 09:23:30] Error at \framework\model\connect\DBConnector.php line 55: Uncaught SS_DatabaseException: Couldn't connect to MySQL database | A connection attempt failed because the connected party did not properly respond after a period of time, or established connection failed because connected host has failed to respond.
 (http://localhost/MidlandElectricalLtd/Development/index.php/about-us/)
[14-Jun-2016 09:23:30] Warning at \framework\model\connect\MySQLiConnector.php line 100: mysqli_close(): Couldn't fetch mysqli (http://localhost/MidlandElectricalLtd/Development/index.php/about-us/)
[14-Jun-2016 09:23:38] Warning at \framework\model\connect\MySQLiConnector.php line 77: mysqli::mysqli(): (HY000/2002): A connection attempt failed because the connected party did not properly respond after a period of time, or established connection failed because connected host has failed to respond.
 (http://localhost/MidlandElectricalLtd/Development/index.php/about-us/)
[14-Jun-2016 09:23:38] Error at \framework\model\connect\DBConnector.php line 55: Uncaught SS_DatabaseException: Couldn't connect to MySQL database | A connection attempt failed because the connected party did not properly respond after a period of time, or established connection failed because connected host has failed to respond.
 (http://localhost/MidlandElectricalLtd/Development/index.php/about-us/)
[14-Jun-2016 09:23:38] Warning at \framework\model\connect\MySQLiConnector.php line 100: mysqli_close(): Couldn't fetch mysqli (http://localhost/MidlandElectricalLtd/Development/index.php/about-us/)
[14-Jun-2016 09:23:51] Warning at \framework\model\connect\MySQLiConnector.php line 77: mysqli::mysqli(): (HY000/2002): A connection attempt failed because the connected party did not properly respond after a period of time, or established connection failed because connected host has failed to respond.
 (http://localhost/MidlandElectricalLtd/Development/index.php/about-us/)
[14-Jun-2016 09:23:51] Error at \framework\model\connect\DBConnector.php line 55: Uncaught SS_DatabaseException: Couldn't connect to MySQL database | A connection attempt failed because the connected party did not properly respond after a period of time, or established connection failed because connected host has failed to respond.
 (http://localhost/MidlandElectricalLtd/Development/index.php/about-us/)
[14-Jun-2016 09:23:51] Warning at \framework\model\connect\MySQLiConnector.php line 100: mysqli_close(): Couldn't fetch mysqli (http://localhost/MidlandElectricalLtd/Development/index.php/about-us/)
[14-Jun-2016 09:23:52] Warning at \framework\model\connect\MySQLiConnector.php line 77: mysqli::mysqli(): (HY000/2002): A connection attempt failed because the connected party did not properly respond after a period of time, or established connection failed because connected host has failed to respond.
 (http://localhost/MidlandElectricalLtd/Development/index.php/about-us/)
[14-Jun-2016 09:23:52] Error at \framework\model\connect\DBConnector.php line 55: Uncaught SS_DatabaseException: Couldn't connect to MySQL database | A connection attempt failed because the connected party did not properly respond after a period of time, or established connection failed because connected host has failed to respond.
 (http://localhost/MidlandElectricalLtd/Development/index.php/about-us/)
[14-Jun-2016 09:23:52] Warning at \framework\model\connect\MySQLiConnector.php line 100: mysqli_close(): Couldn't fetch mysqli (http://localhost/MidlandElectricalLtd/Development/index.php/about-us/)
